/home/wildermuthn/anaconda2/envs/pytorch_1_world_models/lib/python3.6/site-packages/torch/nn/functional.py:1386: UserWarning: nn.functional.sigmoid is deprecated. Use torch.sigmoid instead.
  warnings.warn("nn.functional.sigmoid is deprecated. Use torch.sigmoid instead.")
Process Process-12:
Traceback (most recent call last):
  File "/home/wildermuthn/anaconda2/envs/pytorch_1_world_models/lib/python3.6/multiprocessing/process.py", line 258, in _bootstrap
    self.run()
  File "/home/wildermuthn/anaconda2/envs/pytorch_1_world_models/lib/python3.6/multiprocessing/process.py", line 93, in run
    self._target(*self._args, **self._kwargs)
  File "traincontroller.py", line 100, in slave_routine
    r_queue.put((s_id, r_gen.rollout(params)))
  File "/home/wildermuthn/ML/projects/world_models/pytorch_1/world-models/utils/misc.py", line 195, in rollout
    obs, reward, done, _ = self.env.step(action)
  File "/home/wildermuthn/ML/projects/world_models/pytorch_1/world-models/gym/gym/wrappers/time_limit.py", line 15, in step
    observation, reward, done, info = self.env.step(action)
  File "/home/wildermuthn/ML/projects/world_models/pytorch_1/world-models/gym/gym/envs/box2d/car_racing.py", line 323, in step
    self.state = self.render("state_pixels")
  File "/home/wildermuthn/ML/projects/world_models/pytorch_1/world-models/gym/gym/envs/box2d/car_racing.py", line 394, in render
    self.render_road()
  File "/home/wildermuthn/ML/projects/world_models/pytorch_1/world-models/gym/gym/envs/box2d/car_racing.py", line 428, in render_road
    gl.glVertex3f(k*x + k, k*y + 0, 0)
  File "/home/wildermuthn/anaconda2/envs/pytorch_1_world_models/lib/python3.6/site-packages/pyglet/gl/lib.py", line 85, in errcheck
    def errcheck(result, func, arguments):
KeyboardInterrupt
